<?xml version="1.0" encoding="UTF-8"?>
<!-- Generated by org.testng.reporters.JUnitXMLReporter -->
<testsuite hostname="LAPTOP-20464U94" ignored="0" name="Login Validation Test" tests="4" failures="0" timestamp="17 Aug 2019 18:54:18 GMT" time="12.561" errors="0">
  <testcase name="validateHomePageTitle" time="0.726" classname="testcases.reg_testcase1"/>
  <testcase name="validateHomePageTitle" time="0.589" classname="testcases.reg_testcase2"/>
  <testcase name="login" time="1.364" classname="testcases.reg_testcase1"/>
  <testcase name="login" time="1.064" classname="testcases.reg_testcase2"/>
</testsuite> <!-- Login Validation Test -->
